mode: set
github.com/firefly-cons/yaml-merge/main.go:68.86,72.28 3 1
github.com/firefly-cons/yaml-merge/main.go:72.28,77.48 3 1
github.com/firefly-cons/yaml-merge/main.go:77.48,80.12 1 1
github.com/firefly-cons/yaml-merge/main.go:81.9,81.24 1 1
github.com/firefly-cons/yaml-merge/main.go:81.24,83.4 1 1
github.com/firefly-cons/yaml-merge/main.go:85.3,87.17 3 1
github.com/firefly-cons/yaml-merge/main.go:87.17,89.4 1 1
github.com/firefly-cons/yaml-merge/main.go:90.3,90.16 1 1
github.com/firefly-cons/yaml-merge/main.go:93.2,93.17 1 1
github.com/firefly-cons/yaml-merge/main.go:93.17,97.3 1 1
github.com/firefly-cons/yaml-merge/main.go:99.2,101.12 2 1
github.com/firefly-cons/yaml-merge/main.go:101.12,104.3 2 1
github.com/firefly-cons/yaml-merge/main.go:104.8,106.3 1 1
github.com/firefly-cons/yaml-merge/main.go:108.2,108.43 1 1
github.com/firefly-cons/yaml-merge/main.go:108.43,110.3 1 0
github.com/firefly-cons/yaml-merge/main.go:111.2,111.12 1 1
github.com/firefly-cons/yaml-merge/main.go:115.70,117.9 1 1
github.com/firefly-cons/yaml-merge/main.go:118.19,120.19 1 1
github.com/firefly-cons/yaml-merge/main.go:121.19,123.18 1 1
github.com/firefly-cons/yaml-merge/main.go:124.40,126.19 1 1
github.com/firefly-cons/yaml-merge/main.go:127.44,129.19 1 1
github.com/firefly-cons/yaml-merge/main.go:130.42,132.62 1 1
github.com/firefly-cons/yaml-merge/main.go:133.15,137.19 1 1
github.com/firefly-cons/yaml-merge/main.go:138.10,139.87 1 1
github.com/firefly-cons/yaml-merge/main.go:144.69,149.25 2 1
github.com/firefly-cons/yaml-merge/main.go:149.25,151.3 1 1
github.com/firefly-cons/yaml-merge/main.go:155.2,155.22 1 1
github.com/firefly-cons/yaml-merge/main.go:155.22,159.17 2 1
github.com/firefly-cons/yaml-merge/main.go:159.17,161.4 1 1
github.com/firefly-cons/yaml-merge/main.go:163.3,163.16 1 1
github.com/firefly-cons/yaml-merge/main.go:166.2,166.20 1 1
github.com/firefly-cons/yaml-merge/main.go:171.36,174.2 2 1
github.com/firefly-cons/yaml-merge/main.go:178.37,181.2 2 1
github.com/firefly-cons/yaml-merge/main.go:184.35,186.2 1 1
github.com/firefly-cons/yaml-merge/main.go:189.37,190.18 1 1
github.com/firefly-cons/yaml-merge/main.go:190.18,192.3 1 0
github.com/firefly-cons/yaml-merge/main.go:193.2,193.19 1 1
github.com/firefly-cons/yaml-merge/main.go:193.19,195.3 1 1
github.com/firefly-cons/yaml-merge/main.go:196.2,196.17 1 1
github.com/firefly-cons/yaml-merge/main.go:199.14,203.2 3 0
github.com/firefly-cons/yaml-merge/main.go:205.13,220.13 11 0
github.com/firefly-cons/yaml-merge/main.go:220.13,222.3 1 0
github.com/firefly-cons/yaml-merge/main.go:225.2,226.38 2 0
github.com/firefly-cons/yaml-merge/main.go:226.38,228.49 1 0
github.com/firefly-cons/yaml-merge/main.go:228.49,229.41 1 0
github.com/firefly-cons/yaml-merge/main.go:229.41,231.23 2 0
github.com/firefly-cons/yaml-merge/main.go:231.23,233.6 1 0
github.com/firefly-cons/yaml-merge/main.go:235.5,236.16 2 0
github.com/firefly-cons/yaml-merge/main.go:236.16,238.6 1 0
github.com/firefly-cons/yaml-merge/main.go:240.10,243.5 2 0
github.com/firefly-cons/yaml-merge/main.go:247.2,247.26 1 0
github.com/firefly-cons/yaml-merge/main.go:247.26,250.17 2 0
github.com/firefly-cons/yaml-merge/main.go:250.17,253.4 2 0
github.com/firefly-cons/yaml-merge/main.go:255.3,255.63 1 0
github.com/firefly-cons/yaml-merge/main.go:255.63,257.4 1 0
github.com/firefly-cons/yaml-merge/main.go:259.3,259.14 1 0
github.com/firefly-cons/yaml-merge/main.go:259.14,261.4 1 0
github.com/firefly-cons/yaml-merge/main.go:263.3,264.23 2 0
github.com/firefly-cons/yaml-merge/main.go:267.2,269.16 2 0
github.com/firefly-cons/yaml-merge/main.go:269.16,272.3 2 0
